
2024-08-07 05:43:53...Begin DB Check Process *************
2024-08-07 05:43:53...testing with mysql:mysqli
2024-08-07 05:43:53...Basic form info is valid, continuing Process.
2024-08-07 05:43:53...Testing user account...
2024-08-07 05:43:53...Connection made using  host: localhost, usr: root
2024-08-07 05:43:53...SUCCESS:: no errors detected!
2024-08-07 05:43:53...End DB Check Process *************
2024-08-07 05:43:54...installerHook: Info: custom/install/install_hooks.php not present, no custom hooks to execute
2024-08-07 05:50:43...Begin DB Check Process *************
2024-08-07 05:50:43...testing with mysql:mysqli
2024-08-07 05:50:43...Basic form info is valid, continuing Process.
2024-08-07 05:50:43...Testing user account...
2024-08-07 05:50:43...Connection made using  host: localhost, usr: root
2024-08-07 05:50:43...SUCCESS:: no errors detected!
2024-08-07 05:50:43...End DB Check Process *************
2024-08-07 05:50:44...installerHook: Info: custom/install/install_hooks.php not present, no custom hooks to execute
2024-08-07 05:53:33...Begin DB Check Process *************
2024-08-07 05:53:33...testing with mysql:mysqli
2024-08-07 05:53:33...Basic form info is valid, continuing Process.
2024-08-07 05:53:33...Testing user account...
2024-08-07 05:53:33...Connection made using  host: localhost, usr: root
2024-08-07 05:53:33...SUCCESS:: no errors detected!
2024-08-07 05:53:33...End DB Check Process *************
2024-08-07 05:53:33...installerHook: Info: custom/install/install_hooks.php not present, no custom hooks to execute
2024-08-07 05:53:46...installerHook: Info: custom/install/install_hooks.php not present, no custom hooks to execute
2024-08-07 05:53:56...Begin System Check Process *************
2024-08-07 05:53:56...XML Parsing Support Found
2024-08-07 05:53:56...JSON Parsing Support Found
2024-08-07 05:53:56...MBString Support Found
2024-08-07 05:53:56...ZIP Support Found
2024-08-07 05:53:56.../custom directory and subdirectory check passed
2024-08-07 05:53:56...cache directory and subdirectory check passed
2024-08-07 05:53:56.../module  directory and subdirectory check passed
2024-08-07 05:53:56.../upload directory check passed
2024-08-07 05:53:56.../zip check passed
2024-08-07 05:53:56...PCRE version check passed
2024-08-07 05:53:56...installerHook: Info: custom/install/install_hooks.php not present, no custom hooks to execute
2024-08-07 05:53:56...php.ini location found. /Applications/XAMPP/xamppfiles/etc/php.ini
2024-08-07 05:53:56...Outputting HTML for System check
2024-08-07 05:53:56...No Errors were found *************
2024-08-07 05:53:56...installerHook: Info: custom/install/install_hooks.php not present, no custom hooks to execute
2024-08-07 05:59:24...installerHook: Info: custom/install/install_hooks.php not present, no custom hooks to execute
2024-08-07 05:59:43...Begin DB Check Process *************
2024-08-07 05:59:43...testing with mysql:mysqli
2024-08-07 05:59:43...Basic form info is valid, continuing Process.
2024-08-07 05:59:43...Testing user account...
2024-08-07 05:59:43...Connection made using  host: localhost, usr: root
2024-08-07 05:59:43...SUCCESS:: no errors detected!
2024-08-07 05:59:43...End DB Check Process *************
2024-08-07 05:59:43...installerHook: Info: custom/install/install_hooks.php not present, no custom hooks to execute
2024-08-07 05:59:47...Begin DB Check Process *************
2024-08-07 05:59:47...testing with mysql:mysqli
2024-08-07 05:59:47...Basic form info is valid, continuing Process.
2024-08-07 05:59:47...Testing user account...
2024-08-07 05:59:47...Connection made using  host: localhost, usr: root
2024-08-07 05:59:47...SUCCESS:: no errors detected!
2024-08-07 05:59:47...End DB Check Process *************
2024-08-07 05:59:47...installerHook: Info: custom/install/install_hooks.php not present, no custom hooks to execute
2024-08-07 06:00:13...installerHook: Info: custom/install/install_hooks.php not present, no custom hooks to execute
2024-08-07 06:00:19...Begin System Check Process *************
2024-08-07 06:00:19...XML Parsing Support Found
2024-08-07 06:00:19...JSON Parsing Support Found
2024-08-07 06:00:19...MBString Support Found
2024-08-07 06:00:19...ZIP Support Found
2024-08-07 06:00:19.../custom directory and subdirectory check passed
2024-08-07 06:00:19...cache directory and subdirectory check passed
2024-08-07 06:00:19.../module  directory and subdirectory check passed
2024-08-07 06:00:19.../upload directory check passed
2024-08-07 06:00:19.../zip check passed
2024-08-07 06:00:19...PCRE version check passed
2024-08-07 06:00:19...installerHook: Info: custom/install/install_hooks.php not present, no custom hooks to execute
2024-08-07 06:00:19...php.ini location found. /Applications/XAMPP/xamppfiles/etc/php.ini
2024-08-07 06:00:19...Outputting HTML for System check
2024-08-07 06:00:19...No Errors were found *************
2024-08-07 06:00:20...installerHook: Info: custom/install/install_hooks.php not present, no custom hooks to execute
2024-08-07 06:37:03...installerHook: Info: custom/install/install_hooks.php not present, no custom hooks to execute
2024-08-07 06:37:34...Begin System Check Process *************
2024-08-07 06:37:34...XML Parsing Support Found
2024-08-07 06:37:34...JSON Parsing Support Found
2024-08-07 06:37:34...MBString Support Found
2024-08-07 06:37:34...ZIP Support Found
2024-08-07 06:37:34.../custom directory and subdirectory check passed
2024-08-07 06:37:34...cache directory and subdirectory check passed
2024-08-07 06:37:34.../module  directory and subdirectory check passed
2024-08-07 06:37:34.../upload directory check passed
2024-08-07 06:37:34.../zip check passed
2024-08-07 06:37:34...PCRE version check passed
2024-08-07 06:37:34...installerHook: Info: custom/install/install_hooks.php not present, no custom hooks to execute
2024-08-07 06:37:34...php.ini location found. /Applications/XAMPP/xamppfiles/etc/php.ini
2024-08-07 06:37:34...Outputting HTML for System check
2024-08-07 06:37:34...No Errors were found *************
2024-08-07 06:37:35...installerHook: Info: custom/install/install_hooks.php not present, no custom hooks to execute
2024-08-07 06:37:44...installerHook: Info: custom/install/install_hooks.php not present, no custom hooks to execute
2024-08-07 06:39:09...Begin DB Check Process *************
2024-08-07 06:39:09...testing with mysql:mysqli
2024-08-07 06:39:09...Basic form info is valid, continuing Process.
2024-08-07 06:39:09...Testing user account...
2024-08-07 06:39:09...Connection made using  host: localhost, usr: root
2024-08-07 06:39:09...SUCCESS:: no errors detected!
2024-08-07 06:39:09...End DB Check Process *************
2024-08-07 06:39:10...installerHook: Info: custom/install/install_hooks.php not present, no custom hooks to execute
2024-08-07 06:40:07...Begin DB Check Process *************
2024-08-07 06:40:07...testing with mysql:mysqli
2024-08-07 06:40:07...Basic form info is valid, continuing Process.
2024-08-07 06:40:07...Testing user account...
2024-08-07 06:40:07...Connection made using  host: localhost, usr: root
2024-08-07 06:40:07...SUCCESS:: no errors detected!
2024-08-07 06:40:07...End DB Check Process *************
2024-08-07 06:40:07...installerHook: Info: custom/install/install_hooks.php not present, no custom hooks to execute
2024-08-07 06:40:07...calling handleSugarConfig()
2024-08-07 06:40:07...calling handleHtaccess()
2024-08-07 06:40:07...calling handleDbCreateDatabase()
2024-08-07 06:40:07...looping through all the Beans and create their tables
2024-08-07 06:40:07...processing table acl_actions
2024-08-07 06:40:07...creating table acl_actions
2024-08-07 06:40:07...creating Relationship Meta for ACLAction
2024-08-07 06:40:07...processing table acl_roles
2024-08-07 06:40:07...creating table acl_roles
2024-08-07 06:40:07...creating Relationship Meta for ACLRole
2024-08-07 06:40:07...processing table relationships
2024-08-07 06:40:07...creating table relationships
2024-08-07 06:40:07...creating Relationship Meta for Relationship
2024-08-07 06:40:07...processing table leads
2024-08-07 06:40:08...creating table leads
2024-08-07 06:40:08...creating Relationship Meta for Lead
2024-08-07 06:40:08...processing table cases
2024-08-07 06:40:08...creating table cases
2024-08-07 06:40:08...creating Relationship Meta for Case
2024-08-07 06:40:08...processing table bugs
2024-08-07 06:40:08...creating table bugs
2024-08-07 06:40:08...creating Relationship Meta for Bug
2024-08-07 06:40:08...processing table users
2024-08-07 06:40:08...creating table users
2024-08-07 06:40:08...creating Relationship Meta for User
2024-08-07 06:40:08...processing table campaign_log
2024-08-07 06:40:08...creating table campaign_log
2024-08-07 06:40:08...creating Relationship Meta for CampaignLog
2024-08-07 06:40:08...processing table project
2024-08-07 06:40:08...creating table project
2024-08-07 06:40:08...creating Relationship Meta for Project
2024-08-07 06:40:08...processing table project_task
2024-08-07 06:40:08...creating table project_task
2024-08-07 06:40:08...creating Relationship Meta for ProjectTask
2024-08-07 06:40:08...processing table campaigns
2024-08-07 06:40:08...creating table campaigns
2024-08-07 06:40:08...creating Relationship Meta for Campaign
2024-08-07 06:40:08...processing table prospect_lists
2024-08-07 06:40:08...creating table prospect_lists
2024-08-07 06:40:08...creating Relationship Meta for ProspectList
2024-08-07 06:40:08...processing table prospects
2024-08-07 06:40:08...creating table prospects
2024-08-07 06:40:08...creating Relationship Meta for Prospect
2024-08-07 06:40:08...processing table email_marketing
2024-08-07 06:40:08...creating table email_marketing
2024-08-07 06:40:08...creating Relationship Meta for EmailMarketing
2024-08-07 06:40:08...processing table campaign_trkrs
2024-08-07 06:40:08...creating table campaign_trkrs
2024-08-07 06:40:08...creating Relationship Meta for CampaignTracker
2024-08-07 06:40:08...processing table releases
2024-08-07 06:40:08...creating table releases
2024-08-07 06:40:08...creating Relationship Meta for Release
2024-08-07 06:40:08...processing table emailman
2024-08-07 06:40:08...creating table emailman
2024-08-07 06:40:08...creating Relationship Meta for EmailMan
2024-08-07 06:40:08...processing table schedulers
2024-08-07 06:40:08...creating table schedulers
2024-08-07 06:40:08...creating Relationship Meta for Scheduler
2024-08-07 06:40:08...processing table job_queue
2024-08-07 06:40:08...creating table job_queue
2024-08-07 06:40:08...creating Relationship Meta for SchedulersJob
2024-08-07 06:40:08...processing table contacts
2024-08-07 06:40:08...creating table contacts
2024-08-07 06:40:08...creating Relationship Meta for Contact
2024-08-07 06:40:08...processing table accounts
2024-08-07 06:40:08...creating table accounts
2024-08-07 06:40:08...creating Relationship Meta for Account
2024-08-07 06:40:08...processing table opportunities
2024-08-07 06:40:08...creating table opportunities
2024-08-07 06:40:08...creating Relationship Meta for Opportunity
2024-08-07 06:40:08...processing table email_templates
2024-08-07 06:40:08...creating table email_templates
2024-08-07 06:40:08...creating Relationship Meta for EmailTemplate
2024-08-07 06:40:08...processing table notes
2024-08-07 06:40:08...creating table notes
2024-08-07 06:40:08...creating Relationship Meta for Note
2024-08-07 06:40:08...processing table calls
2024-08-07 06:40:08...creating table calls
2024-08-07 06:40:08...creating Relationship Meta for Call
2024-08-07 06:40:08...processing table emails
2024-08-07 06:40:08...creating table emails
2024-08-07 06:40:08...creating Relationship Meta for Email
2024-08-07 06:40:08...processing table meetings
2024-08-07 06:40:08...creating table meetings
2024-08-07 06:40:08...creating Relationship Meta for Meeting
2024-08-07 06:40:08...processing table tasks
2024-08-07 06:40:08...creating table tasks
2024-08-07 06:40:08...creating Relationship Meta for Task
2024-08-07 06:40:08...processing table users
2024-08-07 06:40:08...processing table users
2024-08-07 06:40:08...processing table currencies
2024-08-07 06:40:08...creating table currencies
2024-08-07 06:40:08...creating Relationship Meta for Currency
2024-08-07 06:40:08...processing table tracker
2024-08-07 06:40:08...creating table tracker
2024-08-07 06:40:08...creating Relationship Meta for Tracker
2024-08-07 06:40:08...processing table import_maps
2024-08-07 06:40:08...creating table import_maps
2024-08-07 06:40:08...creating Relationship Meta for ImportMap
2024-08-07 06:40:08...processing table users_last_import
2024-08-07 06:40:08...creating table users_last_import
2024-08-07 06:40:08...creating Relationship Meta for UsersLastImport
2024-08-07 06:40:08...processing table config
2024-08-07 06:40:08...creating table config
2024-08-07 06:40:08...creating Relationship Meta for Administration
2024-08-07 06:40:08...processing table upgrade_history
2024-08-07 06:40:08...creating table upgrade_history
2024-08-07 06:40:08...creating Relationship Meta for UpgradeHistory
2024-08-07 06:40:08...processing table vcals
2024-08-07 06:40:08...creating table vcals
2024-08-07 06:40:08...creating Relationship Meta for vCal
2024-08-07 06:40:08...processing table alerts
2024-08-07 06:40:08...creating table alerts
2024-08-07 06:40:08...creating Relationship Meta for Alert
2024-08-07 06:40:08...processing table roles
2024-08-07 06:40:08...creating table roles
2024-08-07 06:40:08...creating Relationship Meta for Role
2024-08-07 06:40:08...processing table documents
2024-08-07 06:40:08...creating table documents
2024-08-07 06:40:08...creating Relationship Meta for Document
2024-08-07 06:40:08...processing table document_revisions
2024-08-07 06:40:08...creating table document_revisions
2024-08-07 06:40:08...creating Relationship Meta for DocumentRevision
2024-08-07 06:40:08...processing table fields_meta_data
2024-08-07 06:40:08...creating table fields_meta_data
2024-08-07 06:40:08...creating Relationship Meta for FieldsMetaData
2024-08-07 06:40:08...processing table 
2024-08-07 06:40:08...processing table inbound_email
2024-08-07 06:40:08...creating table inbound_email
2024-08-07 06:40:08...creating Relationship Meta for InboundEmail
2024-08-07 06:40:08...processing table saved_search
2024-08-07 06:40:08...creating table saved_search
2024-08-07 06:40:08...creating Relationship Meta for SavedSearch
2024-08-07 06:40:08...processing table user_preferences
2024-08-07 06:40:08...creating table user_preferences
2024-08-07 06:40:08...creating Relationship Meta for UserPreference
2024-08-07 06:40:08...processing table 
2024-08-07 06:40:08...processing table email_addresses
2024-08-07 06:40:08...creating table email_addresses
2024-08-07 06:40:08...creating Relationship Meta for EmailAddress
2024-08-07 06:40:08...processing table emails_text
2024-08-07 06:40:08...creating table emails_text
2024-08-07 06:40:08...creating Relationship Meta for EmailText
2024-08-07 06:40:08...processing table spots
2024-08-07 06:40:08...creating table spots
2024-08-07 06:40:08...creating Relationship Meta for Spots
2024-08-07 06:40:08...processing table aobh_businesshours
2024-08-07 06:40:08...creating table aobh_businesshours
2024-08-07 06:40:08...creating Relationship Meta for AOBH_BusinessHours
2024-08-07 06:40:08...processing table sugarfeed
2024-08-07 06:40:08...creating table sugarfeed
2024-08-07 06:40:08...creating Relationship Meta for SugarFeed
2024-08-07 06:40:08...processing table eapm
2024-08-07 06:40:08...creating table eapm
2024-08-07 06:40:08...creating Relationship Meta for EAPM
2024-08-07 06:40:08...processing table oauth_consumer
2024-08-07 06:40:08...creating table oauth_consumer
2024-08-07 06:40:08...creating Relationship Meta for OAuthKey
2024-08-07 06:40:08...processing table oauth_tokens
2024-08-07 06:40:08...creating table oauth_tokens
2024-08-07 06:40:08...creating Relationship Meta for OAuthToken
2024-08-07 06:40:08...processing table am_projecttemplates
2024-08-07 06:40:09...creating table am_projecttemplates
2024-08-07 06:40:09...creating Relationship Meta for AM_ProjectTemplates
2024-08-07 06:40:09...processing table am_tasktemplates
2024-08-07 06:40:09...creating table am_tasktemplates
2024-08-07 06:40:09...creating Relationship Meta for AM_TaskTemplates
2024-08-07 06:40:09...processing table favorites
2024-08-07 06:40:09...creating table favorites
2024-08-07 06:40:09...creating Relationship Meta for Favorites
2024-08-07 06:40:09...processing table aok_knowledge_base_categories
2024-08-07 06:40:09...creating table aok_knowledge_base_categories
2024-08-07 06:40:09...creating Relationship Meta for AOK_Knowledge_Base_Categories
2024-08-07 06:40:09...processing table aok_knowledgebase
2024-08-07 06:40:09...creating table aok_knowledgebase
2024-08-07 06:40:09...creating Relationship Meta for AOK_KnowledgeBase
2024-08-07 06:40:09...processing table reminders
2024-08-07 06:40:09...creating table reminders
2024-08-07 06:40:09...creating Relationship Meta for Reminder
2024-08-07 06:40:09...processing table reminders_invitees
2024-08-07 06:40:09...creating table reminders_invitees
2024-08-07 06:40:09...creating Relationship Meta for Reminder_Invitee
2024-08-07 06:40:09...processing table fp_events
2024-08-07 06:40:09...creating table fp_events
2024-08-07 06:40:09...creating Relationship Meta for FP_events
2024-08-07 06:40:09...processing table fp_event_locations
2024-08-07 06:40:09...creating table fp_event_locations
2024-08-07 06:40:09...creating Relationship Meta for FP_Event_Locations
2024-08-07 06:40:09...processing table aod_indexevent
2024-08-07 06:40:09...creating table aod_indexevent
2024-08-07 06:40:09...creating Relationship Meta for AOD_IndexEvent
2024-08-07 06:40:09...processing table aod_index
2024-08-07 06:40:09...creating table aod_index
2024-08-07 06:40:09...creating Relationship Meta for AOD_Index
2024-08-07 06:40:09...processing table aop_case_events
2024-08-07 06:40:09...creating table aop_case_events
2024-08-07 06:40:09...creating Relationship Meta for AOP_Case_Events
2024-08-07 06:40:09...processing table aop_case_updates
2024-08-07 06:40:09...creating table aop_case_updates
2024-08-07 06:40:09...creating Relationship Meta for AOP_Case_Updates
2024-08-07 06:40:09...processing table aor_reports
2024-08-07 06:40:09...creating table aor_reports
2024-08-07 06:40:09...creating Relationship Meta for AOR_Report
2024-08-07 06:40:09...processing table aor_fields
2024-08-07 06:40:09...creating table aor_fields
2024-08-07 06:40:09...creating Relationship Meta for AOR_Field
2024-08-07 06:40:09...processing table aor_charts
2024-08-07 06:40:09...creating table aor_charts
2024-08-07 06:40:09...creating Relationship Meta for AOR_Chart
2024-08-07 06:40:09...processing table aor_conditions
2024-08-07 06:40:09...creating table aor_conditions
2024-08-07 06:40:09...creating Relationship Meta for AOR_Condition
2024-08-07 06:40:09...processing table aor_scheduled_reports
2024-08-07 06:40:09...creating table aor_scheduled_reports
2024-08-07 06:40:09...creating Relationship Meta for AOR_Scheduled_Reports
2024-08-07 06:40:09...processing table aos_contracts
2024-08-07 06:40:09...creating table aos_contracts
2024-08-07 06:40:09...creating Relationship Meta for AOS_Contracts
2024-08-07 06:40:09...processing table aos_invoices
2024-08-07 06:40:09...creating table aos_invoices
2024-08-07 06:40:09...creating Relationship Meta for AOS_Invoices
2024-08-07 06:40:09...processing table aos_pdf_templates
2024-08-07 06:40:09...creating table aos_pdf_templates
2024-08-07 06:40:09...creating Relationship Meta for AOS_PDF_Templates
2024-08-07 06:40:09...processing table aos_product_categories
2024-08-07 06:40:09...creating table aos_product_categories
2024-08-07 06:40:09...creating Relationship Meta for AOS_Product_Categories
2024-08-07 06:40:09...processing table aos_products
2024-08-07 06:40:09...creating table aos_products
2024-08-07 06:40:09...creating Relationship Meta for AOS_Products
2024-08-07 06:40:09...processing table aos_products_quotes
2024-08-07 06:40:09...creating table aos_products_quotes
2024-08-07 06:40:09...creating Relationship Meta for AOS_Products_Quotes
2024-08-07 06:40:09...processing table aos_line_item_groups
2024-08-07 06:40:09...creating table aos_line_item_groups
2024-08-07 06:40:09...creating Relationship Meta for AOS_Line_Item_Groups
2024-08-07 06:40:09...processing table aos_quotes
2024-08-07 06:40:09...creating table aos_quotes
2024-08-07 06:40:09...creating Relationship Meta for AOS_Quotes
2024-08-07 06:40:09...processing table aow_actions
2024-08-07 06:40:09...creating table aow_actions
2024-08-07 06:40:09...creating Relationship Meta for AOW_Action
2024-08-07 06:40:09...processing table aow_workflow
2024-08-07 06:40:09...creating table aow_workflow
2024-08-07 06:40:09...creating Relationship Meta for AOW_WorkFlow
2024-08-07 06:40:09...processing table aow_processed
2024-08-07 06:40:09...creating table aow_processed
2024-08-07 06:40:09...creating Relationship Meta for AOW_Processed
2024-08-07 06:40:09...processing table aow_conditions
2024-08-07 06:40:09...creating table aow_conditions
2024-08-07 06:40:09...creating Relationship Meta for AOW_Condition
2024-08-07 06:40:09...processing table jjwg_maps
2024-08-07 06:40:09...creating table jjwg_maps
2024-08-07 06:40:09...creating Relationship Meta for jjwg_Maps
2024-08-07 06:40:09...processing table jjwg_markers
2024-08-07 06:40:09...creating table jjwg_markers
2024-08-07 06:40:09...creating Relationship Meta for jjwg_Markers
2024-08-07 06:40:09...processing table jjwg_areas
2024-08-07 06:40:09...creating table jjwg_areas
2024-08-07 06:40:09...creating Relationship Meta for jjwg_Areas
2024-08-07 06:40:09...processing table jjwg_address_cache
2024-08-07 06:40:09...creating table jjwg_address_cache
2024-08-07 06:40:09...creating Relationship Meta for jjwg_Address_Cache
2024-08-07 06:40:09...processing table calls_reschedule
2024-08-07 06:40:09...creating table calls_reschedule
2024-08-07 06:40:09...creating Relationship Meta for Calls_Reschedule
2024-08-07 06:40:09...processing table securitygroups
2024-08-07 06:40:09...creating table securitygroups
2024-08-07 06:40:09...creating Relationship Meta for SecurityGroup
2024-08-07 06:40:09...processing table outbound_email
2024-08-07 06:40:10...creating table outbound_email
2024-08-07 06:40:10...creating Relationship Meta for OutboundEmailAccounts
2024-08-07 06:40:10...processing table external_oauth_connections
2024-08-07 06:40:10...creating table external_oauth_connections
2024-08-07 06:40:10...creating Relationship Meta for ExternalOAuthConnection
2024-08-07 06:40:10...processing table external_oauth_providers
2024-08-07 06:40:10...creating table external_oauth_providers
2024-08-07 06:40:10...creating Relationship Meta for ExternalOAuthProvider
2024-08-07 06:40:10...processing table templatesectionline
2024-08-07 06:40:10...creating table templatesectionline
2024-08-07 06:40:10...creating Relationship Meta for TemplateSectionLine
2024-08-07 06:40:10...processing table oauth2tokens
2024-08-07 06:40:10...creating table oauth2tokens
2024-08-07 06:40:10...creating Relationship Meta for OAuth2Tokens
2024-08-07 06:40:10...processing table oauth2clients
2024-08-07 06:40:10...creating table oauth2clients
2024-08-07 06:40:10...creating Relationship Meta for OAuth2Clients
2024-08-07 06:40:10...processing table surveyresponses
2024-08-07 06:40:10...creating table surveyresponses
2024-08-07 06:40:10...creating Relationship Meta for SurveyResponses
2024-08-07 06:40:10...processing table surveys
2024-08-07 06:40:10...creating table surveys
2024-08-07 06:40:10...creating Relationship Meta for Surveys
2024-08-07 06:40:10...processing table surveyquestionresponses
2024-08-07 06:40:10...creating table surveyquestionresponses
2024-08-07 06:40:10...creating Relationship Meta for SurveyQuestionResponses
2024-08-07 06:40:10...processing table surveyquestions
2024-08-07 06:40:10...creating table surveyquestions
2024-08-07 06:40:10...creating Relationship Meta for SurveyQuestions
2024-08-07 06:40:10...processing table surveyquestionoptions
2024-08-07 06:40:10...creating table surveyquestionoptions
2024-08-07 06:40:10...creating Relationship Meta for SurveyQuestionOptions
2024-08-07 06:40:10...Begin creating Defaults
2024-08-07 06:40:10...insert defaults into config table
2024-08-07 06:40:10...Creating default users
2024-08-07 06:40:10...Creating default scheduler jobs
2024-08-07 06:40:10...Enable SugarFeeds
2024-08-07 06:40:10...Installation has completed *********
2024-08-07 06:40:12...populating the db with seed data
2024-08-07 06:40:12...Save configuration settings..
2024-08-07 06:40:12...save locale
2024-08-07 06:40:12...new Administration
2024-08-07 06:40:12...retrieveSettings
2024-08-07 06:40:12...AdminWizard OFF
2024-08-07 06:40:12...saveConfig
2024-08-07 06:40:12...new Configurator
2024-08-07 06:40:12...populateFromPost
2024-08-07 06:40:12...handleOverride
2024-08-07 06:40:12...addCronAllowedUser
2024-08-07 06:40:12...saveConfig
2024-08-07 06:40:12...new Currency
2024-08-07 06:40:12...retrieve
2024-08-07 06:40:12...DBG: save currency
2024-08-07 06:40:12...Save user settings..
2024-08-07 06:40:12...DBG: SugarThemeRegistry::getDefault
2024-08-07 06:41:30...installerHook: Info: custom/install/install_hooks.php not present, no custom hooks to execute
2024-08-07 06:42:54...installerHook: Info: custom/install/install_hooks.php not present, no custom hooks to execute
2024-08-07 06:43:14...installerHook: Info: custom/install/install_hooks.php not present, no custom hooks to execute
2024-08-07 06:43:14...calling handleSugarConfig()
2024-08-07 06:43:14...calling handleHtaccess()
2024-08-07 06:43:14...calling handleDbCreateDatabase()
2024-08-07 06:43:14...looping through all the Beans and create their tables
2024-08-07 06:43:14...processing table acl_actions
2024-08-07 06:43:14...creating table acl_actions
2024-08-07 06:43:14...creating Relationship Meta for ACLAction
2024-08-07 06:43:14...processing table acl_roles
2024-08-07 06:43:14...creating table acl_roles
2024-08-07 06:43:14...creating Relationship Meta for ACLRole
2024-08-07 06:43:14...processing table relationships
2024-08-07 06:43:14...creating table relationships
2024-08-07 06:43:14...creating Relationship Meta for Relationship
2024-08-07 06:43:14...processing table leads
2024-08-07 06:43:14...creating table leads
2024-08-07 06:43:14...creating Relationship Meta for Lead
2024-08-07 06:43:14...processing table cases
2024-08-07 06:43:14...creating table cases
2024-08-07 06:43:14...creating Relationship Meta for Case
2024-08-07 06:43:14...processing table bugs
2024-08-07 06:43:14...creating table bugs
2024-08-07 06:43:14...creating Relationship Meta for Bug
2024-08-07 06:43:14...processing table users
2024-08-07 06:43:14...creating table users
2024-08-07 06:43:14...creating Relationship Meta for User
2024-08-07 06:43:14...processing table campaign_log
2024-08-07 06:43:14...creating table campaign_log
2024-08-07 06:43:14...creating Relationship Meta for CampaignLog
2024-08-07 06:43:14...processing table project
2024-08-07 06:43:14...creating table project
2024-08-07 06:43:14...creating Relationship Meta for Project
2024-08-07 06:43:14...processing table project_task
2024-08-07 06:43:14...creating table project_task
2024-08-07 06:43:14...creating Relationship Meta for ProjectTask
2024-08-07 06:43:14...processing table campaigns
2024-08-07 06:43:14...creating table campaigns
2024-08-07 06:43:14...creating Relationship Meta for Campaign
2024-08-07 06:43:14...processing table prospect_lists
2024-08-07 06:43:14...creating table prospect_lists
2024-08-07 06:43:14...creating Relationship Meta for ProspectList
2024-08-07 06:43:14...processing table prospects
2024-08-07 06:43:14...creating table prospects
2024-08-07 06:43:14...creating Relationship Meta for Prospect
2024-08-07 06:43:14...processing table email_marketing
2024-08-07 06:43:14...creating table email_marketing
2024-08-07 06:43:14...creating Relationship Meta for EmailMarketing
2024-08-07 06:43:14...processing table campaign_trkrs
2024-08-07 06:43:14...creating table campaign_trkrs
2024-08-07 06:43:14...creating Relationship Meta for CampaignTracker
2024-08-07 06:43:14...processing table releases
2024-08-07 06:43:14...creating table releases
2024-08-07 06:43:14...creating Relationship Meta for Release
2024-08-07 06:43:14...processing table emailman
2024-08-07 06:43:14...creating table emailman
2024-08-07 06:43:14...creating Relationship Meta for EmailMan
2024-08-07 06:43:14...processing table schedulers
2024-08-07 06:43:14...creating table schedulers
2024-08-07 06:43:14...creating Relationship Meta for Scheduler
2024-08-07 06:43:14...processing table job_queue
2024-08-07 06:43:14...creating table job_queue
2024-08-07 06:43:14...creating Relationship Meta for SchedulersJob
2024-08-07 06:43:14...processing table contacts
2024-08-07 06:43:14...creating table contacts
2024-08-07 06:43:14...creating Relationship Meta for Contact
2024-08-07 06:43:14...processing table accounts
2024-08-07 06:43:14...creating table accounts
2024-08-07 06:43:14...creating Relationship Meta for Account
2024-08-07 06:43:14...processing table opportunities
2024-08-07 06:43:14...creating table opportunities
2024-08-07 06:43:14...creating Relationship Meta for Opportunity
2024-08-07 06:43:14...processing table email_templates
2024-08-07 06:43:14...creating table email_templates
2024-08-07 06:43:14...creating Relationship Meta for EmailTemplate
2024-08-07 06:43:14...processing table notes
2024-08-07 06:43:14...creating table notes
2024-08-07 06:43:14...creating Relationship Meta for Note
2024-08-07 06:43:14...processing table calls
2024-08-07 06:43:14...creating table calls
2024-08-07 06:43:14...creating Relationship Meta for Call
2024-08-07 06:43:14...processing table emails
2024-08-07 06:43:14...creating table emails
2024-08-07 06:43:14...creating Relationship Meta for Email
2024-08-07 06:43:14...processing table meetings
2024-08-07 06:43:14...creating table meetings
2024-08-07 06:43:14...creating Relationship Meta for Meeting
2024-08-07 06:43:15...processing table tasks
2024-08-07 06:43:15...creating table tasks
2024-08-07 06:43:15...creating Relationship Meta for Task
2024-08-07 06:43:15...processing table users
2024-08-07 06:43:15...processing table users
2024-08-07 06:43:15...processing table currencies
2024-08-07 06:43:15...creating table currencies
2024-08-07 06:43:15...creating Relationship Meta for Currency
2024-08-07 06:43:15...processing table tracker
2024-08-07 06:43:15...creating table tracker
2024-08-07 06:43:15...creating Relationship Meta for Tracker
2024-08-07 06:43:15...processing table import_maps
2024-08-07 06:43:15...creating table import_maps
2024-08-07 06:43:15...creating Relationship Meta for ImportMap
2024-08-07 06:43:15...processing table users_last_import
2024-08-07 06:43:15...creating table users_last_import
2024-08-07 06:43:15...creating Relationship Meta for UsersLastImport
2024-08-07 06:43:15...processing table config
2024-08-07 06:43:15...creating table config
2024-08-07 06:43:15...creating Relationship Meta for Administration
2024-08-07 06:43:15...processing table upgrade_history
2024-08-07 06:43:15...creating table upgrade_history
2024-08-07 06:43:15...creating Relationship Meta for UpgradeHistory
2024-08-07 06:43:15...processing table vcals
2024-08-07 06:43:15...creating table vcals
2024-08-07 06:43:15...creating Relationship Meta for vCal
2024-08-07 06:43:15...processing table alerts
2024-08-07 06:43:15...creating table alerts
2024-08-07 06:43:15...creating Relationship Meta for Alert
2024-08-07 06:43:15...processing table roles
2024-08-07 06:43:15...creating table roles
2024-08-07 06:43:15...creating Relationship Meta for Role
2024-08-07 06:43:15...processing table documents
2024-08-07 06:43:15...creating table documents
2024-08-07 06:43:15...creating Relationship Meta for Document
2024-08-07 06:43:15...processing table document_revisions
2024-08-07 06:43:15...creating table document_revisions
2024-08-07 06:43:15...creating Relationship Meta for DocumentRevision
2024-08-07 06:43:15...processing table fields_meta_data
2024-08-07 06:43:15...creating table fields_meta_data
2024-08-07 06:43:15...creating Relationship Meta for FieldsMetaData
2024-08-07 06:43:15...processing table 
2024-08-07 06:43:15...processing table inbound_email
2024-08-07 06:43:15...creating table inbound_email
2024-08-07 06:43:15...creating Relationship Meta for InboundEmail
2024-08-07 06:43:15...processing table saved_search
2024-08-07 06:43:15...creating table saved_search
2024-08-07 06:43:15...creating Relationship Meta for SavedSearch
2024-08-07 06:43:15...processing table user_preferences
2024-08-07 06:43:15...creating table user_preferences
2024-08-07 06:43:15...creating Relationship Meta for UserPreference
2024-08-07 06:43:15...processing table 
2024-08-07 06:43:15...processing table email_addresses
2024-08-07 06:43:15...creating table email_addresses
2024-08-07 06:43:15...creating Relationship Meta for EmailAddress
2024-08-07 06:43:15...processing table emails_text
2024-08-07 06:43:15...creating table emails_text
2024-08-07 06:43:15...creating Relationship Meta for EmailText
2024-08-07 06:43:15...processing table spots
2024-08-07 06:43:15...creating table spots
2024-08-07 06:43:15...creating Relationship Meta for Spots
2024-08-07 06:43:15...processing table aobh_businesshours
2024-08-07 06:43:15...creating table aobh_businesshours
2024-08-07 06:43:15...creating Relationship Meta for AOBH_BusinessHours
2024-08-07 06:43:15...processing table sugarfeed
2024-08-07 06:43:15...creating table sugarfeed
2024-08-07 06:43:15...creating Relationship Meta for SugarFeed
2024-08-07 06:43:15...processing table eapm
2024-08-07 06:43:15...creating table eapm
2024-08-07 06:43:15...creating Relationship Meta for EAPM
2024-08-07 06:43:15...processing table oauth_consumer
2024-08-07 06:43:15...creating table oauth_consumer
2024-08-07 06:43:15...creating Relationship Meta for OAuthKey
2024-08-07 06:43:15...processing table oauth_tokens
2024-08-07 06:43:15...creating table oauth_tokens
2024-08-07 06:43:15...creating Relationship Meta for OAuthToken
2024-08-07 06:43:15...processing table am_projecttemplates
2024-08-07 06:43:15...creating table am_projecttemplates
2024-08-07 06:43:15...creating Relationship Meta for AM_ProjectTemplates
2024-08-07 06:43:15...processing table am_tasktemplates
2024-08-07 06:43:15...creating table am_tasktemplates
2024-08-07 06:43:15...creating Relationship Meta for AM_TaskTemplates
2024-08-07 06:43:15...processing table favorites
2024-08-07 06:43:15...creating table favorites
2024-08-07 06:43:15...creating Relationship Meta for Favorites
2024-08-07 06:43:15...processing table aok_knowledge_base_categories
2024-08-07 06:43:15...creating table aok_knowledge_base_categories
2024-08-07 06:43:15...creating Relationship Meta for AOK_Knowledge_Base_Categories
2024-08-07 06:43:15...processing table aok_knowledgebase
2024-08-07 06:43:15...creating table aok_knowledgebase
2024-08-07 06:43:15...creating Relationship Meta for AOK_KnowledgeBase
2024-08-07 06:43:15...processing table reminders
2024-08-07 06:43:15...creating table reminders
2024-08-07 06:43:15...creating Relationship Meta for Reminder
2024-08-07 06:43:15...processing table reminders_invitees
2024-08-07 06:43:15...creating table reminders_invitees
2024-08-07 06:43:15...creating Relationship Meta for Reminder_Invitee
2024-08-07 06:43:15...processing table fp_events
2024-08-07 06:43:15...creating table fp_events
2024-08-07 06:43:15...creating Relationship Meta for FP_events
2024-08-07 06:43:15...processing table fp_event_locations
2024-08-07 06:43:15...creating table fp_event_locations
2024-08-07 06:43:15...creating Relationship Meta for FP_Event_Locations
2024-08-07 06:43:15...processing table aod_indexevent
2024-08-07 06:43:15...creating table aod_indexevent
2024-08-07 06:43:15...creating Relationship Meta for AOD_IndexEvent
2024-08-07 06:43:15...processing table aod_index
2024-08-07 06:43:15...creating table aod_index
2024-08-07 06:43:15...creating Relationship Meta for AOD_Index
2024-08-07 06:43:15...processing table aop_case_events
2024-08-07 06:43:15...creating table aop_case_events
2024-08-07 06:43:15...creating Relationship Meta for AOP_Case_Events
2024-08-07 06:43:15...processing table aop_case_updates
2024-08-07 06:43:15...creating table aop_case_updates
2024-08-07 06:43:15...creating Relationship Meta for AOP_Case_Updates
2024-08-07 06:43:15...processing table aor_reports
2024-08-07 06:43:15...creating table aor_reports
2024-08-07 06:43:15...creating Relationship Meta for AOR_Report
2024-08-07 06:43:15...processing table aor_fields
2024-08-07 06:43:15...creating table aor_fields
2024-08-07 06:43:15...creating Relationship Meta for AOR_Field
2024-08-07 06:43:15...processing table aor_charts
2024-08-07 06:43:15...creating table aor_charts
2024-08-07 06:43:15...creating Relationship Meta for AOR_Chart
2024-08-07 06:43:15...processing table aor_conditions
2024-08-07 06:43:15...creating table aor_conditions
2024-08-07 06:43:15...creating Relationship Meta for AOR_Condition
2024-08-07 06:43:15...processing table aor_scheduled_reports
2024-08-07 06:43:15...creating table aor_scheduled_reports
2024-08-07 06:43:15...creating Relationship Meta for AOR_Scheduled_Reports
2024-08-07 06:43:15...processing table aos_contracts
2024-08-07 06:43:15...creating table aos_contracts
2024-08-07 06:43:15...creating Relationship Meta for AOS_Contracts
2024-08-07 06:43:15...processing table aos_invoices
2024-08-07 06:43:15...creating table aos_invoices
2024-08-07 06:43:15...creating Relationship Meta for AOS_Invoices
2024-08-07 06:43:15...processing table aos_pdf_templates
2024-08-07 06:43:15...creating table aos_pdf_templates
2024-08-07 06:43:15...creating Relationship Meta for AOS_PDF_Templates
2024-08-07 06:43:15...processing table aos_product_categories
2024-08-07 06:43:15...creating table aos_product_categories
2024-08-07 06:43:15...creating Relationship Meta for AOS_Product_Categories
2024-08-07 06:43:15...processing table aos_products
2024-08-07 06:43:16...creating table aos_products
2024-08-07 06:43:16...creating Relationship Meta for AOS_Products
2024-08-07 06:43:16...processing table aos_products_quotes
2024-08-07 06:43:16...creating table aos_products_quotes
2024-08-07 06:43:16...creating Relationship Meta for AOS_Products_Quotes
2024-08-07 06:43:16...processing table aos_line_item_groups
2024-08-07 06:43:16...creating table aos_line_item_groups
2024-08-07 06:43:16...creating Relationship Meta for AOS_Line_Item_Groups
2024-08-07 06:43:16...processing table aos_quotes
2024-08-07 06:43:16...creating table aos_quotes
2024-08-07 06:43:16...creating Relationship Meta for AOS_Quotes
2024-08-07 06:43:16...processing table aow_actions
2024-08-07 06:43:16...creating table aow_actions
2024-08-07 06:43:16...creating Relationship Meta for AOW_Action
2024-08-07 06:43:16...processing table aow_workflow
2024-08-07 06:43:16...creating table aow_workflow
2024-08-07 06:43:16...creating Relationship Meta for AOW_WorkFlow
2024-08-07 06:43:16...processing table aow_processed
2024-08-07 06:43:16...creating table aow_processed
2024-08-07 06:43:16...creating Relationship Meta for AOW_Processed
2024-08-07 06:43:16...processing table aow_conditions
2024-08-07 06:43:16...creating table aow_conditions
2024-08-07 06:43:16...creating Relationship Meta for AOW_Condition
2024-08-07 06:43:16...processing table jjwg_maps
2024-08-07 06:43:16...creating table jjwg_maps
2024-08-07 06:43:16...creating Relationship Meta for jjwg_Maps
2024-08-07 06:43:16...processing table jjwg_markers
2024-08-07 06:43:16...creating table jjwg_markers
2024-08-07 06:43:16...creating Relationship Meta for jjwg_Markers
2024-08-07 06:43:16...processing table jjwg_areas
2024-08-07 06:43:16...creating table jjwg_areas
2024-08-07 06:43:16...creating Relationship Meta for jjwg_Areas
2024-08-07 06:43:16...processing table jjwg_address_cache
2024-08-07 06:43:16...creating table jjwg_address_cache
2024-08-07 06:43:16...creating Relationship Meta for jjwg_Address_Cache
2024-08-07 06:43:16...processing table calls_reschedule
2024-08-07 06:43:16...creating table calls_reschedule
2024-08-07 06:43:16...creating Relationship Meta for Calls_Reschedule
2024-08-07 06:43:16...processing table securitygroups
2024-08-07 06:43:16...creating table securitygroups
2024-08-07 06:43:16...creating Relationship Meta for SecurityGroup
2024-08-07 06:43:16...processing table outbound_email
2024-08-07 06:43:16...creating table outbound_email
2024-08-07 06:43:16...creating Relationship Meta for OutboundEmailAccounts
2024-08-07 06:43:16...processing table external_oauth_connections
2024-08-07 06:43:16...creating table external_oauth_connections
2024-08-07 06:43:16...creating Relationship Meta for ExternalOAuthConnection
2024-08-07 06:43:16...processing table external_oauth_providers
2024-08-07 06:43:16...creating table external_oauth_providers
2024-08-07 06:43:16...creating Relationship Meta for ExternalOAuthProvider
2024-08-07 06:43:16...processing table templatesectionline
2024-08-07 06:43:16...creating table templatesectionline
2024-08-07 06:43:16...creating Relationship Meta for TemplateSectionLine
2024-08-07 06:43:16...processing table oauth2tokens
2024-08-07 06:43:16...creating table oauth2tokens
2024-08-07 06:43:16...creating Relationship Meta for OAuth2Tokens
2024-08-07 06:43:16...processing table oauth2clients
2024-08-07 06:43:16...creating table oauth2clients
2024-08-07 06:43:16...creating Relationship Meta for OAuth2Clients
2024-08-07 06:43:16...processing table surveyresponses
2024-08-07 06:43:16...creating table surveyresponses
2024-08-07 06:43:16...creating Relationship Meta for SurveyResponses
2024-08-07 06:43:16...processing table surveys
2024-08-07 06:43:16...creating table surveys
2024-08-07 06:43:16...creating Relationship Meta for Surveys
2024-08-07 06:43:16...processing table surveyquestionresponses
2024-08-07 06:43:16...creating table surveyquestionresponses
2024-08-07 06:43:16...creating Relationship Meta for SurveyQuestionResponses
2024-08-07 06:43:16...processing table surveyquestions
2024-08-07 06:43:16...creating table surveyquestions
2024-08-07 06:43:16...creating Relationship Meta for SurveyQuestions
2024-08-07 06:43:16...processing table surveyquestionoptions
2024-08-07 06:43:16...creating table surveyquestionoptions
2024-08-07 06:43:16...creating Relationship Meta for SurveyQuestionOptions
2024-08-07 06:43:17...Begin creating Defaults
2024-08-07 06:43:17...insert defaults into config table
2024-08-07 06:43:17...Creating default users
2024-08-07 06:43:17...Creating default scheduler jobs
2024-08-07 06:43:17...Enable SugarFeeds
2024-08-07 06:43:17...Installation has completed *********
2024-08-07 06:43:18...populating the db with seed data
2024-08-07 06:43:18...Save configuration settings..
2024-08-07 06:43:18...save locale
2024-08-07 06:43:18...new Administration
2024-08-07 06:43:18...retrieveSettings
2024-08-07 06:43:18...AdminWizard OFF
2024-08-07 06:43:18...saveConfig
2024-08-07 06:43:18...new Configurator
2024-08-07 06:43:18...populateFromPost
2024-08-07 06:43:18...handleOverride
2024-08-07 06:43:18...addCronAllowedUser
2024-08-07 06:43:18...saveConfig
2024-08-07 06:43:18...new Currency
2024-08-07 06:43:18...retrieve
2024-08-07 06:43:18...DBG: save currency
2024-08-07 06:43:18...Save user settings..
2024-08-07 06:43:18...DBG: SugarThemeRegistry::getDefault
2024-08-07 06:44:02...installerHook: Info: custom/install/install_hooks.php not present, no custom hooks to execute
2024-08-07 06:44:05...Begin System Check Process *************
2024-08-07 06:44:05...XML Parsing Support Found
2024-08-07 06:44:05...JSON Parsing Support Found
2024-08-07 06:44:05...MBString Support Found
2024-08-07 06:44:05...ZIP Support Found
2024-08-07 06:44:05.../custom directory and subdirectory check passed
2024-08-07 06:44:05...cache directory and subdirectory check passed
2024-08-07 06:44:05.../module  directory and subdirectory check passed
2024-08-07 06:44:05.../upload directory check passed
2024-08-07 06:44:05.../zip check passed
2024-08-07 06:44:05...PCRE version check passed
2024-08-07 06:44:05...installerHook: Info: custom/install/install_hooks.php not present, no custom hooks to execute
2024-08-07 06:44:05...php.ini location found. /Applications/XAMPP/xamppfiles/etc/php.ini
2024-08-07 06:44:05...Outputting HTML for System check
2024-08-07 06:44:05...No Errors were found *************
2024-08-07 06:44:05...installerHook: Info: custom/install/install_hooks.php not present, no custom hooks to execute
2024-08-07 06:44:07...installerHook: Info: custom/install/install_hooks.php not present, no custom hooks to execute
2024-08-07 06:44:59...Begin DB Check Process *************
2024-08-07 06:44:59...testing with mysql:mysqli
2024-08-07 06:44:59...Basic form info is valid, continuing Process.
2024-08-07 06:44:59...Testing user account...
2024-08-07 06:44:59...Connection made using  host: localhost, usr: root
2024-08-07 06:44:59...SUCCESS:: no errors detected!
2024-08-07 06:44:59...End DB Check Process *************
2024-08-07 06:44:59...installerHook: Info: custom/install/install_hooks.php not present, no custom hooks to execute
2024-08-07 06:44:59...calling handleSugarConfig()
2024-08-07 06:44:59...calling handleHtaccess()
2024-08-07 06:44:59...calling handleDbCreateDatabase()
2024-08-07 06:44:59...looping through all the Beans and create their tables
2024-08-07 06:44:59...processing table acl_actions
2024-08-07 06:44:59...creating table acl_actions
2024-08-07 06:44:59...creating Relationship Meta for ACLAction
2024-08-07 06:44:59...processing table acl_roles
2024-08-07 06:44:59...creating table acl_roles
2024-08-07 06:44:59...creating Relationship Meta for ACLRole
2024-08-07 06:44:59...processing table relationships
2024-08-07 06:44:59...creating table relationships
2024-08-07 06:44:59...creating Relationship Meta for Relationship
2024-08-07 06:44:59...processing table leads
2024-08-07 06:44:59...creating table leads
2024-08-07 06:44:59...creating Relationship Meta for Lead
2024-08-07 06:44:59...processing table cases
2024-08-07 06:44:59...creating table cases
2024-08-07 06:44:59...creating Relationship Meta for Case
2024-08-07 06:44:59...processing table bugs
2024-08-07 06:44:59...creating table bugs
2024-08-07 06:44:59...creating Relationship Meta for Bug
2024-08-07 06:44:59...processing table users
2024-08-07 06:44:59...creating table users
2024-08-07 06:44:59...creating Relationship Meta for User
2024-08-07 06:44:59...processing table campaign_log
2024-08-07 06:44:59...creating table campaign_log
2024-08-07 06:44:59...creating Relationship Meta for CampaignLog
2024-08-07 06:44:59...processing table project
2024-08-07 06:45:00...creating table project
2024-08-07 06:45:00...creating Relationship Meta for Project
2024-08-07 06:45:00...processing table project_task
2024-08-07 06:45:00...creating table project_task
2024-08-07 06:45:00...creating Relationship Meta for ProjectTask
2024-08-07 06:45:00...processing table campaigns
2024-08-07 06:45:00...creating table campaigns
2024-08-07 06:45:00...creating Relationship Meta for Campaign
2024-08-07 06:45:00...processing table prospect_lists
2024-08-07 06:45:00...creating table prospect_lists
2024-08-07 06:45:00...creating Relationship Meta for ProspectList
2024-08-07 06:45:00...processing table prospects
2024-08-07 06:45:00...creating table prospects
2024-08-07 06:45:00...creating Relationship Meta for Prospect
2024-08-07 06:45:00...processing table email_marketing
2024-08-07 06:45:00...creating table email_marketing
2024-08-07 06:45:00...creating Relationship Meta for EmailMarketing
2024-08-07 06:45:00...processing table campaign_trkrs
2024-08-07 06:45:00...creating table campaign_trkrs
2024-08-07 06:45:00...creating Relationship Meta for CampaignTracker
2024-08-07 06:45:00...processing table releases
2024-08-07 06:45:00...creating table releases
2024-08-07 06:45:00...creating Relationship Meta for Release
2024-08-07 06:45:00...processing table emailman
2024-08-07 06:45:00...creating table emailman
2024-08-07 06:45:00...creating Relationship Meta for EmailMan
2024-08-07 06:45:00...processing table schedulers
2024-08-07 06:45:00...creating table schedulers
2024-08-07 06:45:00...creating Relationship Meta for Scheduler
2024-08-07 06:45:00...processing table job_queue
2024-08-07 06:45:00...creating table job_queue
2024-08-07 06:45:00...creating Relationship Meta for SchedulersJob
2024-08-07 06:45:00...processing table contacts
2024-08-07 06:45:00...creating table contacts
2024-08-07 06:45:00...creating Relationship Meta for Contact
2024-08-07 06:45:00...processing table accounts
2024-08-07 06:45:00...creating table accounts
2024-08-07 06:45:00...creating Relationship Meta for Account
2024-08-07 06:45:00...processing table opportunities
2024-08-07 06:45:00...creating table opportunities
2024-08-07 06:45:00...creating Relationship Meta for Opportunity
2024-08-07 06:45:00...processing table email_templates
2024-08-07 06:45:00...creating table email_templates
2024-08-07 06:45:00...creating Relationship Meta for EmailTemplate
2024-08-07 06:45:00...processing table notes
2024-08-07 06:45:00...creating table notes
2024-08-07 06:45:00...creating Relationship Meta for Note
2024-08-07 06:45:00...processing table calls
2024-08-07 06:45:00...creating table calls
2024-08-07 06:45:00...creating Relationship Meta for Call
2024-08-07 06:45:00...processing table emails
2024-08-07 06:45:00...creating table emails
2024-08-07 06:45:00...creating Relationship Meta for Email
2024-08-07 06:45:00...processing table meetings
2024-08-07 06:45:00...creating table meetings
2024-08-07 06:45:00...creating Relationship Meta for Meeting
2024-08-07 06:45:00...processing table tasks
2024-08-07 06:45:00...creating table tasks
2024-08-07 06:45:00...creating Relationship Meta for Task
2024-08-07 06:45:00...processing table users
2024-08-07 06:45:00...processing table users
2024-08-07 06:45:00...processing table currencies
2024-08-07 06:45:00...creating table currencies
2024-08-07 06:45:00...creating Relationship Meta for Currency
2024-08-07 06:45:00...processing table tracker
2024-08-07 06:45:00...creating table tracker
2024-08-07 06:45:00...creating Relationship Meta for Tracker
2024-08-07 06:45:00...processing table import_maps
2024-08-07 06:45:00...creating table import_maps
2024-08-07 06:45:00...creating Relationship Meta for ImportMap
2024-08-07 06:45:00...processing table users_last_import
2024-08-07 06:45:00...creating table users_last_import
2024-08-07 06:45:00...creating Relationship Meta for UsersLastImport
2024-08-07 06:45:00...processing table config
2024-08-07 06:45:00...creating table config
2024-08-07 06:45:00...creating Relationship Meta for Administration
2024-08-07 06:45:00...processing table upgrade_history
2024-08-07 06:45:00...creating table upgrade_history
2024-08-07 06:45:00...creating Relationship Meta for UpgradeHistory
2024-08-07 06:45:00...processing table vcals
2024-08-07 06:45:00...creating table vcals
2024-08-07 06:45:00...creating Relationship Meta for vCal
2024-08-07 06:45:00...processing table alerts
2024-08-07 06:45:00...creating table alerts
2024-08-07 06:45:00...creating Relationship Meta for Alert
2024-08-07 06:45:00...processing table roles
2024-08-07 06:45:00...creating table roles
2024-08-07 06:45:00...creating Relationship Meta for Role
2024-08-07 06:45:00...processing table documents
2024-08-07 06:45:00...creating table documents
2024-08-07 06:45:00...creating Relationship Meta for Document
2024-08-07 06:45:00...processing table document_revisions
2024-08-07 06:45:00...creating table document_revisions
2024-08-07 06:45:00...creating Relationship Meta for DocumentRevision
2024-08-07 06:45:00...processing table fields_meta_data
2024-08-07 06:45:00...creating table fields_meta_data
2024-08-07 06:45:00...creating Relationship Meta for FieldsMetaData
2024-08-07 06:45:00...processing table 
2024-08-07 06:45:00...processing table inbound_email
2024-08-07 06:45:00...creating table inbound_email
2024-08-07 06:45:00...creating Relationship Meta for InboundEmail
2024-08-07 06:45:00...processing table saved_search
2024-08-07 06:45:00...creating table saved_search
2024-08-07 06:45:00...creating Relationship Meta for SavedSearch
2024-08-07 06:45:00...processing table user_preferences
2024-08-07 06:45:00...creating table user_preferences
2024-08-07 06:45:00...creating Relationship Meta for UserPreference
2024-08-07 06:45:00...processing table 
2024-08-07 06:45:00...processing table email_addresses
2024-08-07 06:45:00...creating table email_addresses
2024-08-07 06:45:00...creating Relationship Meta for EmailAddress
2024-08-07 06:45:00...processing table emails_text
2024-08-07 06:45:00...creating table emails_text
2024-08-07 06:45:00...creating Relationship Meta for EmailText
2024-08-07 06:45:00...processing table spots
2024-08-07 06:45:00...creating table spots
2024-08-07 06:45:00...creating Relationship Meta for Spots
2024-08-07 06:45:00...processing table aobh_businesshours
2024-08-07 06:45:00...creating table aobh_businesshours
2024-08-07 06:45:00...creating Relationship Meta for AOBH_BusinessHours
2024-08-07 06:45:00...processing table sugarfeed
2024-08-07 06:45:00...creating table sugarfeed
2024-08-07 06:45:00...creating Relationship Meta for SugarFeed
2024-08-07 06:45:00...processing table eapm
2024-08-07 06:45:00...creating table eapm
2024-08-07 06:45:00...creating Relationship Meta for EAPM
2024-08-07 06:45:00...processing table oauth_consumer
2024-08-07 06:45:00...creating table oauth_consumer
2024-08-07 06:45:00...creating Relationship Meta for OAuthKey
2024-08-07 06:45:00...processing table oauth_tokens
2024-08-07 06:45:00...creating table oauth_tokens
2024-08-07 06:45:00...creating Relationship Meta for OAuthToken
2024-08-07 06:45:00...processing table am_projecttemplates
2024-08-07 06:45:00...creating table am_projecttemplates
2024-08-07 06:45:00...creating Relationship Meta for AM_ProjectTemplates
2024-08-07 06:45:00...processing table am_tasktemplates
2024-08-07 06:45:00...creating table am_tasktemplates
2024-08-07 06:45:00...creating Relationship Meta for AM_TaskTemplates
2024-08-07 06:45:00...processing table favorites
2024-08-07 06:45:00...creating table favorites
2024-08-07 06:45:00...creating Relationship Meta for Favorites
2024-08-07 06:45:00...processing table aok_knowledge_base_categories
2024-08-07 06:45:00...creating table aok_knowledge_base_categories
2024-08-07 06:45:00...creating Relationship Meta for AOK_Knowledge_Base_Categories
2024-08-07 06:45:00...processing table aok_knowledgebase
2024-08-07 06:45:00...creating table aok_knowledgebase
2024-08-07 06:45:00...creating Relationship Meta for AOK_KnowledgeBase
2024-08-07 06:45:00...processing table reminders
2024-08-07 06:45:00...creating table reminders
2024-08-07 06:45:00...creating Relationship Meta for Reminder
2024-08-07 06:45:00...processing table reminders_invitees
2024-08-07 06:45:00...creating table reminders_invitees
2024-08-07 06:45:00...creating Relationship Meta for Reminder_Invitee
2024-08-07 06:45:00...processing table fp_events
2024-08-07 06:45:00...creating table fp_events
2024-08-07 06:45:00...creating Relationship Meta for FP_events
2024-08-07 06:45:00...processing table fp_event_locations
2024-08-07 06:45:01...creating table fp_event_locations
2024-08-07 06:45:01...creating Relationship Meta for FP_Event_Locations
2024-08-07 06:45:01...processing table aod_indexevent
2024-08-07 06:45:01...creating table aod_indexevent
2024-08-07 06:45:01...creating Relationship Meta for AOD_IndexEvent
2024-08-07 06:45:01...processing table aod_index
2024-08-07 06:45:01...creating table aod_index
2024-08-07 06:45:01...creating Relationship Meta for AOD_Index
2024-08-07 06:45:01...processing table aop_case_events
2024-08-07 06:45:01...creating table aop_case_events
2024-08-07 06:45:01...creating Relationship Meta for AOP_Case_Events
2024-08-07 06:45:01...processing table aop_case_updates
2024-08-07 06:45:01...creating table aop_case_updates
2024-08-07 06:45:01...creating Relationship Meta for AOP_Case_Updates
2024-08-07 06:45:01...processing table aor_reports
2024-08-07 06:45:01...creating table aor_reports
2024-08-07 06:45:01...creating Relationship Meta for AOR_Report
2024-08-07 06:45:01...processing table aor_fields
2024-08-07 06:45:01...creating table aor_fields
2024-08-07 06:45:01...creating Relationship Meta for AOR_Field
2024-08-07 06:45:01...processing table aor_charts
2024-08-07 06:45:01...creating table aor_charts
2024-08-07 06:45:01...creating Relationship Meta for AOR_Chart
2024-08-07 06:45:01...processing table aor_conditions
2024-08-07 06:45:01...creating table aor_conditions
2024-08-07 06:45:01...creating Relationship Meta for AOR_Condition
2024-08-07 06:45:01...processing table aor_scheduled_reports
2024-08-07 06:45:01...creating table aor_scheduled_reports
2024-08-07 06:45:01...creating Relationship Meta for AOR_Scheduled_Reports
2024-08-07 06:45:01...processing table aos_contracts
2024-08-07 06:45:01...creating table aos_contracts
2024-08-07 06:45:01...creating Relationship Meta for AOS_Contracts
2024-08-07 06:45:01...processing table aos_invoices
2024-08-07 06:45:01...creating table aos_invoices
2024-08-07 06:45:01...creating Relationship Meta for AOS_Invoices
2024-08-07 06:45:01...processing table aos_pdf_templates
2024-08-07 06:45:01...creating table aos_pdf_templates
2024-08-07 06:45:01...creating Relationship Meta for AOS_PDF_Templates
2024-08-07 06:45:01...processing table aos_product_categories
2024-08-07 06:45:01...creating table aos_product_categories
2024-08-07 06:45:01...creating Relationship Meta for AOS_Product_Categories
2024-08-07 06:45:01...processing table aos_products
2024-08-07 06:45:01...creating table aos_products
2024-08-07 06:45:01...creating Relationship Meta for AOS_Products
2024-08-07 06:45:01...processing table aos_products_quotes
2024-08-07 06:45:01...creating table aos_products_quotes
2024-08-07 06:45:01...creating Relationship Meta for AOS_Products_Quotes
2024-08-07 06:45:01...processing table aos_line_item_groups
2024-08-07 06:45:01...creating table aos_line_item_groups
2024-08-07 06:45:01...creating Relationship Meta for AOS_Line_Item_Groups
2024-08-07 06:45:01...processing table aos_quotes
2024-08-07 06:45:01...creating table aos_quotes
2024-08-07 06:45:01...creating Relationship Meta for AOS_Quotes
2024-08-07 06:45:01...processing table aow_actions
2024-08-07 06:45:01...creating table aow_actions
2024-08-07 06:45:01...creating Relationship Meta for AOW_Action
2024-08-07 06:45:01...processing table aow_workflow
2024-08-07 06:45:01...creating table aow_workflow
2024-08-07 06:45:01...creating Relationship Meta for AOW_WorkFlow
2024-08-07 06:45:01...processing table aow_processed
2024-08-07 06:45:01...creating table aow_processed
2024-08-07 06:45:01...creating Relationship Meta for AOW_Processed
2024-08-07 06:45:01...processing table aow_conditions
2024-08-07 06:45:01...creating table aow_conditions
2024-08-07 06:45:01...creating Relationship Meta for AOW_Condition
2024-08-07 06:45:01...processing table jjwg_maps
2024-08-07 06:45:01...creating table jjwg_maps
2024-08-07 06:45:01...creating Relationship Meta for jjwg_Maps
2024-08-07 06:45:01...processing table jjwg_markers
2024-08-07 06:45:01...creating table jjwg_markers
2024-08-07 06:45:01...creating Relationship Meta for jjwg_Markers
2024-08-07 06:45:01...processing table jjwg_areas
2024-08-07 06:45:01...creating table jjwg_areas
2024-08-07 06:45:01...creating Relationship Meta for jjwg_Areas
2024-08-07 06:45:01...processing table jjwg_address_cache
2024-08-07 06:45:01...creating table jjwg_address_cache
2024-08-07 06:45:01...creating Relationship Meta for jjwg_Address_Cache
2024-08-07 06:45:01...processing table calls_reschedule
2024-08-07 06:45:01...creating table calls_reschedule
2024-08-07 06:45:01...creating Relationship Meta for Calls_Reschedule
2024-08-07 06:45:01...processing table securitygroups
2024-08-07 06:45:01...creating table securitygroups
2024-08-07 06:45:01...creating Relationship Meta for SecurityGroup
2024-08-07 06:45:01...processing table outbound_email
2024-08-07 06:45:01...creating table outbound_email
2024-08-07 06:45:01...creating Relationship Meta for OutboundEmailAccounts
2024-08-07 06:45:01...processing table external_oauth_connections
2024-08-07 06:45:01...creating table external_oauth_connections
2024-08-07 06:45:01...creating Relationship Meta for ExternalOAuthConnection
2024-08-07 06:45:01...processing table external_oauth_providers
2024-08-07 06:45:01...creating table external_oauth_providers
2024-08-07 06:45:01...creating Relationship Meta for ExternalOAuthProvider
2024-08-07 06:45:01...processing table templatesectionline
2024-08-07 06:45:01...creating table templatesectionline
2024-08-07 06:45:01...creating Relationship Meta for TemplateSectionLine
2024-08-07 06:45:01...processing table oauth2tokens
2024-08-07 06:45:01...creating table oauth2tokens
2024-08-07 06:45:01...creating Relationship Meta for OAuth2Tokens
2024-08-07 06:45:01...processing table oauth2clients
2024-08-07 06:45:01...creating table oauth2clients
2024-08-07 06:45:01...creating Relationship Meta for OAuth2Clients
2024-08-07 06:45:01...processing table surveyresponses
2024-08-07 06:45:01...creating table surveyresponses
2024-08-07 06:45:01...creating Relationship Meta for SurveyResponses
2024-08-07 06:45:01...processing table surveys
2024-08-07 06:45:02...creating table surveys
2024-08-07 06:45:02...creating Relationship Meta for Surveys
2024-08-07 06:45:02...processing table surveyquestionresponses
2024-08-07 06:45:02...creating table surveyquestionresponses
2024-08-07 06:45:02...creating Relationship Meta for SurveyQuestionResponses
2024-08-07 06:45:02...processing table surveyquestions
2024-08-07 06:45:02...creating table surveyquestions
2024-08-07 06:45:02...creating Relationship Meta for SurveyQuestions
2024-08-07 06:45:02...processing table surveyquestionoptions
2024-08-07 06:45:02...creating table surveyquestionoptions
2024-08-07 06:45:02...creating Relationship Meta for SurveyQuestionOptions
2024-08-07 06:45:02...Begin creating Defaults
2024-08-07 06:45:02...insert defaults into config table
2024-08-07 06:45:02...Creating default users
2024-08-07 06:45:02...Creating default scheduler jobs
2024-08-07 06:45:02...Enable SugarFeeds
2024-08-07 06:45:02...Installation has completed *********
2024-08-07 06:45:03...populating the db with seed data
2024-08-07 06:45:03...Save configuration settings..
2024-08-07 06:45:03...save locale
2024-08-07 06:45:03...new Administration
2024-08-07 06:45:03...retrieveSettings
2024-08-07 06:45:03...AdminWizard OFF
2024-08-07 06:45:03...saveConfig
2024-08-07 06:45:03...new Configurator
2024-08-07 06:45:03...populateFromPost
2024-08-07 06:45:03...handleOverride
2024-08-07 06:45:03...addCronAllowedUser
2024-08-07 06:45:03...saveConfig
2024-08-07 06:45:03...new Currency
2024-08-07 06:45:03...retrieve
2024-08-07 06:45:03...DBG: save currency
2024-08-07 06:45:03...Save user settings..
2024-08-07 06:45:03...DBG: SugarThemeRegistry::getDefault
2024-08-07 06:46:07...installerHook: Info: custom/install/install_hooks.php not present, no custom hooks to execute
2024-08-08 12:32:30...installerHook: Info: custom/install/install_hooks.php not present, no custom hooks to execute
2024-08-08 12:37:38...installerHook: Info: custom/install/install_hooks.php not present, no custom hooks to execute
2024-08-08 12:37:40...installerHook: Info: custom/install/install_hooks.php not present, no custom hooks to execute
2024-08-08 12:37:41...installerHook: Info: custom/install/install_hooks.php not present, no custom hooks to execute
2024-08-08 12:37:41...installerHook: Info: custom/install/install_hooks.php not present, no custom hooks to execute
2024-08-08 12:37:41...installerHook: Info: custom/install/install_hooks.php not present, no custom hooks to execute
2024-08-08 12:38:03...installerHook: Info: custom/install/install_hooks.php not present, no custom hooks to execute
2024-08-08 12:41:15...Begin System Check Process *************
2024-08-08 12:41:15...XML Parsing Support Found
2024-08-08 12:41:15...JSON Parsing Support Found
2024-08-08 12:41:15...MBString Support Found
2024-08-08 12:41:15...ZIP Support Found
2024-08-08 12:41:15.../custom directory and subdirectory check passed
2024-08-08 12:41:15...cache directory and subdirectory check passed
2024-08-08 12:41:15.../module  directory and subdirectory check passed
2024-08-08 12:41:15.../upload directory check passed
2024-08-08 12:41:15.../zip check passed
2024-08-08 12:41:15...PCRE version check passed
2024-08-08 12:41:15...installerHook: Info: custom/install/install_hooks.php not present, no custom hooks to execute
2024-08-08 12:41:15...php.ini location found. /Applications/XAMPP/xamppfiles/etc/php.ini
2024-08-08 12:41:15...Outputting HTML for System check
2024-08-08 12:41:15...No Errors were found *************
2024-08-08 12:41:15...installerHook: Info: custom/install/install_hooks.php not present, no custom hooks to execute
2024-08-08 12:41:17...installerHook: Info: custom/install/install_hooks.php not present, no custom hooks to execute
2024-08-08 12:43:12...Begin DB Check Process *************
2024-08-08 12:43:12...testing with mysql:mysqli
2024-08-08 12:43:12...Basic form info is valid, continuing Process.
2024-08-08 12:43:12...Testing user account...
2024-08-08 12:43:12...ERROR::  The provided database host, username, and/or password is invalid, and a connection to the database could not be established. Please enter a valid host, username and password
2024-08-08 12:43:12...FATAL:: errors have been detected!  User will not be allowed to continue.  Errors are as follow:
2024-08-08 12:43:12..... The provided database host, username, and/or password is invalid, and a connection to the database could not be established. Please enter a valid host, username and password
2024-08-08 12:43:12...End DB Check Process *************
2024-08-08 12:43:23...Begin DB Check Process *************
2024-08-08 12:43:23...testing with mysql:mysqli
2024-08-08 12:43:23...Basic form info is valid, continuing Process.
2024-08-08 12:43:23...Testing user account...
2024-08-08 12:43:23...Connection made using  host: localhost, usr: root
2024-08-08 12:43:23...SUCCESS:: no errors detected!
2024-08-08 12:43:23...End DB Check Process *************
2024-08-08 12:43:24...installerHook: Info: custom/install/install_hooks.php not present, no custom hooks to execute
2024-08-08 12:43:24...calling handleSugarConfig()
2024-08-08 12:43:24...calling handleHtaccess()
2024-08-08 12:43:24...calling handleDbCreateDatabase()
2024-08-08 12:43:24...looping through all the Beans and create their tables
2024-08-08 12:43:24...processing table acl_actions
2024-08-08 12:43:24...creating table acl_actions
2024-08-08 12:43:24...creating Relationship Meta for ACLAction
2024-08-08 12:43:24...processing table acl_roles
2024-08-08 12:43:24...creating table acl_roles
2024-08-08 12:43:24...creating Relationship Meta for ACLRole
2024-08-08 12:43:24...processing table relationships
2024-08-08 12:43:24...creating table relationships
2024-08-08 12:43:24...creating Relationship Meta for Relationship
2024-08-08 12:43:24...processing table leads
2024-08-08 12:43:24...creating table leads
2024-08-08 12:43:24...creating Relationship Meta for Lead
2024-08-08 12:43:24...processing table cases
2024-08-08 12:43:24...creating table cases
2024-08-08 12:43:24...creating Relationship Meta for Case
2024-08-08 12:43:24...processing table bugs
2024-08-08 12:43:24...creating table bugs
2024-08-08 12:43:24...creating Relationship Meta for Bug
2024-08-08 12:43:24...processing table users
2024-08-08 12:43:24...creating table users
2024-08-08 12:43:24...creating Relationship Meta for User
2024-08-08 12:43:24...processing table campaign_log
2024-08-08 12:43:24...creating table campaign_log
2024-08-08 12:43:24...creating Relationship Meta for CampaignLog
2024-08-08 12:43:24...processing table project
2024-08-08 12:43:24...creating table project
2024-08-08 12:43:24...creating Relationship Meta for Project
2024-08-08 12:43:24...processing table project_task
2024-08-08 12:43:24...creating table project_task
2024-08-08 12:43:24...creating Relationship Meta for ProjectTask
2024-08-08 12:43:24...processing table campaigns
2024-08-08 12:43:24...creating table campaigns
2024-08-08 12:43:24...creating Relationship Meta for Campaign
2024-08-08 12:43:24...processing table prospect_lists
2024-08-08 12:43:24...creating table prospect_lists
2024-08-08 12:43:24...creating Relationship Meta for ProspectList
2024-08-08 12:43:24...processing table prospects
2024-08-08 12:43:24...creating table prospects
2024-08-08 12:43:24...creating Relationship Meta for Prospect
2024-08-08 12:43:24...processing table email_marketing
2024-08-08 12:43:24...creating table email_marketing
2024-08-08 12:43:24...creating Relationship Meta for EmailMarketing
2024-08-08 12:43:24...processing table campaign_trkrs
2024-08-08 12:43:24...creating table campaign_trkrs
2024-08-08 12:43:24...creating Relationship Meta for CampaignTracker
2024-08-08 12:43:24...processing table releases
2024-08-08 12:43:24...creating table releases
2024-08-08 12:43:24...creating Relationship Meta for Release
2024-08-08 12:43:24...processing table emailman
2024-08-08 12:43:24...creating table emailman
2024-08-08 12:43:24...creating Relationship Meta for EmailMan
2024-08-08 12:43:24...processing table schedulers
2024-08-08 12:43:24...creating table schedulers
2024-08-08 12:43:24...creating Relationship Meta for Scheduler
2024-08-08 12:43:24...processing table job_queue
2024-08-08 12:43:24...creating table job_queue
2024-08-08 12:43:24...creating Relationship Meta for SchedulersJob
2024-08-08 12:43:24...processing table contacts
2024-08-08 12:43:24...creating table contacts
2024-08-08 12:43:24...creating Relationship Meta for Contact
2024-08-08 12:43:24...processing table accounts
2024-08-08 12:43:24...creating table accounts
2024-08-08 12:43:24...creating Relationship Meta for Account
2024-08-08 12:43:24...processing table opportunities
2024-08-08 12:43:24...creating table opportunities
2024-08-08 12:43:24...creating Relationship Meta for Opportunity
2024-08-08 12:43:24...processing table email_templates
2024-08-08 12:43:24...creating table email_templates
2024-08-08 12:43:24...creating Relationship Meta for EmailTemplate
2024-08-08 12:43:24...processing table notes
2024-08-08 12:43:24...creating table notes
2024-08-08 12:43:24...creating Relationship Meta for Note
2024-08-08 12:43:24...processing table calls
2024-08-08 12:43:24...creating table calls
2024-08-08 12:43:24...creating Relationship Meta for Call
2024-08-08 12:43:24...processing table emails
2024-08-08 12:43:25...creating table emails
2024-08-08 12:43:25...creating Relationship Meta for Email
2024-08-08 12:43:25...processing table meetings
2024-08-08 12:43:25...creating table meetings
2024-08-08 12:43:25...creating Relationship Meta for Meeting
2024-08-08 12:43:25...processing table tasks
2024-08-08 12:43:25...creating table tasks
2024-08-08 12:43:25...creating Relationship Meta for Task
2024-08-08 12:43:25...processing table users
2024-08-08 12:43:25...processing table users
2024-08-08 12:43:25...processing table currencies
2024-08-08 12:43:25...creating table currencies
2024-08-08 12:43:25...creating Relationship Meta for Currency
2024-08-08 12:43:25...processing table tracker
2024-08-08 12:43:25...creating table tracker
2024-08-08 12:43:25...creating Relationship Meta for Tracker
2024-08-08 12:43:25...processing table import_maps
2024-08-08 12:43:25...creating table import_maps
2024-08-08 12:43:25...creating Relationship Meta for ImportMap
2024-08-08 12:43:25...processing table users_last_import
2024-08-08 12:43:25...creating table users_last_import
2024-08-08 12:43:25...creating Relationship Meta for UsersLastImport
2024-08-08 12:43:25...processing table config
2024-08-08 12:43:25...creating table config
2024-08-08 12:43:25...creating Relationship Meta for Administration
2024-08-08 12:43:25...processing table upgrade_history
2024-08-08 12:43:25...creating table upgrade_history
2024-08-08 12:43:25...creating Relationship Meta for UpgradeHistory
2024-08-08 12:43:25...processing table vcals
2024-08-08 12:43:25...creating table vcals
2024-08-08 12:43:25...creating Relationship Meta for vCal
2024-08-08 12:43:25...processing table alerts
2024-08-08 12:43:25...creating table alerts
2024-08-08 12:43:25...creating Relationship Meta for Alert
2024-08-08 12:43:25...processing table roles
2024-08-08 12:43:25...creating table roles
2024-08-08 12:43:25...creating Relationship Meta for Role
2024-08-08 12:43:25...processing table documents
2024-08-08 12:43:25...creating table documents
2024-08-08 12:43:25...creating Relationship Meta for Document
2024-08-08 12:43:25...processing table document_revisions
2024-08-08 12:43:25...creating table document_revisions
2024-08-08 12:43:25...creating Relationship Meta for DocumentRevision
2024-08-08 12:43:25...processing table fields_meta_data
2024-08-08 12:43:25...creating table fields_meta_data
2024-08-08 12:43:25...creating Relationship Meta for FieldsMetaData
2024-08-08 12:43:25...processing table 
2024-08-08 12:43:25...processing table inbound_email
2024-08-08 12:43:25...creating table inbound_email
2024-08-08 12:43:25...creating Relationship Meta for InboundEmail
2024-08-08 12:43:25...processing table saved_search
2024-08-08 12:43:25...creating table saved_search
2024-08-08 12:43:25...creating Relationship Meta for SavedSearch
2024-08-08 12:43:25...processing table user_preferences
2024-08-08 12:43:25...creating table user_preferences
2024-08-08 12:43:25...creating Relationship Meta for UserPreference
2024-08-08 12:43:25...processing table 
2024-08-08 12:43:25...processing table email_addresses
2024-08-08 12:43:25...creating table email_addresses
2024-08-08 12:43:25...creating Relationship Meta for EmailAddress
2024-08-08 12:43:25...processing table emails_text
2024-08-08 12:43:25...creating table emails_text
2024-08-08 12:43:25...creating Relationship Meta for EmailText
2024-08-08 12:43:25...processing table spots
2024-08-08 12:43:25...creating table spots
2024-08-08 12:43:25...creating Relationship Meta for Spots
2024-08-08 12:43:25...processing table aobh_businesshours
2024-08-08 12:43:25...creating table aobh_businesshours
2024-08-08 12:43:25...creating Relationship Meta for AOBH_BusinessHours
2024-08-08 12:43:25...processing table sugarfeed
2024-08-08 12:43:25...creating table sugarfeed
2024-08-08 12:43:25...creating Relationship Meta for SugarFeed
2024-08-08 12:43:25...processing table eapm
2024-08-08 12:43:25...creating table eapm
2024-08-08 12:43:25...creating Relationship Meta for EAPM
2024-08-08 12:43:25...processing table oauth_consumer
2024-08-08 12:43:25...creating table oauth_consumer
2024-08-08 12:43:25...creating Relationship Meta for OAuthKey
2024-08-08 12:43:25...processing table oauth_tokens
2024-08-08 12:43:25...creating table oauth_tokens
2024-08-08 12:43:25...creating Relationship Meta for OAuthToken
2024-08-08 12:43:25...processing table am_projecttemplates
2024-08-08 12:43:25...creating table am_projecttemplates
2024-08-08 12:43:25...creating Relationship Meta for AM_ProjectTemplates
2024-08-08 12:43:25...processing table am_tasktemplates
2024-08-08 12:43:25...creating table am_tasktemplates
2024-08-08 12:43:25...creating Relationship Meta for AM_TaskTemplates
2024-08-08 12:43:25...processing table favorites
2024-08-08 12:43:25...creating table favorites
2024-08-08 12:43:25...creating Relationship Meta for Favorites
2024-08-08 12:43:25...processing table aok_knowledge_base_categories
2024-08-08 12:43:25...creating table aok_knowledge_base_categories
2024-08-08 12:43:25...creating Relationship Meta for AOK_Knowledge_Base_Categories
2024-08-08 12:43:25...processing table aok_knowledgebase
2024-08-08 12:43:25...creating table aok_knowledgebase
2024-08-08 12:43:25...creating Relationship Meta for AOK_KnowledgeBase
2024-08-08 12:43:25...processing table reminders
2024-08-08 12:43:25...creating table reminders
2024-08-08 12:43:25...creating Relationship Meta for Reminder
2024-08-08 12:43:25...processing table reminders_invitees
2024-08-08 12:43:25...creating table reminders_invitees
2024-08-08 12:43:25...creating Relationship Meta for Reminder_Invitee
2024-08-08 12:43:25...processing table fp_events
2024-08-08 12:43:25...creating table fp_events
2024-08-08 12:43:25...creating Relationship Meta for FP_events
2024-08-08 12:43:25...processing table fp_event_locations
2024-08-08 12:43:25...creating table fp_event_locations
2024-08-08 12:43:25...creating Relationship Meta for FP_Event_Locations
2024-08-08 12:43:25...processing table aod_indexevent
2024-08-08 12:43:25...creating table aod_indexevent
2024-08-08 12:43:25...creating Relationship Meta for AOD_IndexEvent
2024-08-08 12:43:25...processing table aod_index
2024-08-08 12:43:25...creating table aod_index
2024-08-08 12:43:25...creating Relationship Meta for AOD_Index
2024-08-08 12:43:25...processing table aop_case_events
2024-08-08 12:43:25...creating table aop_case_events
2024-08-08 12:43:25...creating Relationship Meta for AOP_Case_Events
2024-08-08 12:43:25...processing table aop_case_updates
2024-08-08 12:43:25...creating table aop_case_updates
2024-08-08 12:43:25...creating Relationship Meta for AOP_Case_Updates
2024-08-08 12:43:25...processing table aor_reports
2024-08-08 12:43:25...creating table aor_reports
2024-08-08 12:43:25...creating Relationship Meta for AOR_Report
2024-08-08 12:43:25...processing table aor_fields
2024-08-08 12:43:25...creating table aor_fields
2024-08-08 12:43:25...creating Relationship Meta for AOR_Field
2024-08-08 12:43:25...processing table aor_charts
2024-08-08 12:43:25...creating table aor_charts
2024-08-08 12:43:25...creating Relationship Meta for AOR_Chart
2024-08-08 12:43:25...processing table aor_conditions
2024-08-08 12:43:25...creating table aor_conditions
2024-08-08 12:43:25...creating Relationship Meta for AOR_Condition
2024-08-08 12:43:25...processing table aor_scheduled_reports
2024-08-08 12:43:25...creating table aor_scheduled_reports
2024-08-08 12:43:25...creating Relationship Meta for AOR_Scheduled_Reports
2024-08-08 12:43:25...processing table aos_contracts
2024-08-08 12:43:26...creating table aos_contracts
2024-08-08 12:43:26...creating Relationship Meta for AOS_Contracts
2024-08-08 12:43:26...processing table aos_invoices
2024-08-08 12:43:26...creating table aos_invoices
2024-08-08 12:43:26...creating Relationship Meta for AOS_Invoices
2024-08-08 12:43:26...processing table aos_pdf_templates
2024-08-08 12:43:26...creating table aos_pdf_templates
2024-08-08 12:43:26...creating Relationship Meta for AOS_PDF_Templates
2024-08-08 12:43:26...processing table aos_product_categories
2024-08-08 12:43:26...creating table aos_product_categories
2024-08-08 12:43:26...creating Relationship Meta for AOS_Product_Categories
2024-08-08 12:43:26...processing table aos_products
2024-08-08 12:43:26...creating table aos_products
2024-08-08 12:43:26...creating Relationship Meta for AOS_Products
2024-08-08 12:43:26...processing table aos_products_quotes
2024-08-08 12:43:26...creating table aos_products_quotes
2024-08-08 12:43:26...creating Relationship Meta for AOS_Products_Quotes
2024-08-08 12:43:26...processing table aos_line_item_groups
2024-08-08 12:43:26...creating table aos_line_item_groups
2024-08-08 12:43:26...creating Relationship Meta for AOS_Line_Item_Groups
2024-08-08 12:43:26...processing table aos_quotes
2024-08-08 12:43:26...creating table aos_quotes
2024-08-08 12:43:26...creating Relationship Meta for AOS_Quotes
2024-08-08 12:43:26...processing table aow_actions
2024-08-08 12:43:26...creating table aow_actions
2024-08-08 12:43:26...creating Relationship Meta for AOW_Action
2024-08-08 12:43:26...processing table aow_workflow
2024-08-08 12:43:26...creating table aow_workflow
2024-08-08 12:43:26...creating Relationship Meta for AOW_WorkFlow
2024-08-08 12:43:26...processing table aow_processed
2024-08-08 12:43:26...creating table aow_processed
2024-08-08 12:43:26...creating Relationship Meta for AOW_Processed
2024-08-08 12:43:26...processing table aow_conditions
2024-08-08 12:43:26...creating table aow_conditions
2024-08-08 12:43:26...creating Relationship Meta for AOW_Condition
2024-08-08 12:43:26...processing table jjwg_maps
2024-08-08 12:43:26...creating table jjwg_maps
2024-08-08 12:43:26...creating Relationship Meta for jjwg_Maps
2024-08-08 12:43:26...processing table jjwg_markers
2024-08-08 12:43:26...creating table jjwg_markers
2024-08-08 12:43:26...creating Relationship Meta for jjwg_Markers
2024-08-08 12:43:26...processing table jjwg_areas
2024-08-08 12:43:26...creating table jjwg_areas
2024-08-08 12:43:26...creating Relationship Meta for jjwg_Areas
2024-08-08 12:43:26...processing table jjwg_address_cache
2024-08-08 12:43:26...creating table jjwg_address_cache
2024-08-08 12:43:26...creating Relationship Meta for jjwg_Address_Cache
2024-08-08 12:43:26...processing table calls_reschedule
2024-08-08 12:43:26...creating table calls_reschedule
2024-08-08 12:43:26...creating Relationship Meta for Calls_Reschedule
2024-08-08 12:43:26...processing table securitygroups
2024-08-08 12:43:26...creating table securitygroups
2024-08-08 12:43:26...creating Relationship Meta for SecurityGroup
2024-08-08 12:43:26...processing table outbound_email
2024-08-08 12:43:26...creating table outbound_email
2024-08-08 12:43:26...creating Relationship Meta for OutboundEmailAccounts
2024-08-08 12:43:26...processing table external_oauth_connections
2024-08-08 12:43:26...creating table external_oauth_connections
2024-08-08 12:43:26...creating Relationship Meta for ExternalOAuthConnection
2024-08-08 12:43:26...processing table external_oauth_providers
2024-08-08 12:43:26...creating table external_oauth_providers
2024-08-08 12:43:26...creating Relationship Meta for ExternalOAuthProvider
2024-08-08 12:43:26...processing table templatesectionline
2024-08-08 12:43:26...creating table templatesectionline
2024-08-08 12:43:26...creating Relationship Meta for TemplateSectionLine
2024-08-08 12:43:26...processing table oauth2tokens
2024-08-08 12:43:26...creating table oauth2tokens
2024-08-08 12:43:26...creating Relationship Meta for OAuth2Tokens
2024-08-08 12:43:26...processing table oauth2clients
2024-08-08 12:43:26...creating table oauth2clients
2024-08-08 12:43:26...creating Relationship Meta for OAuth2Clients
2024-08-08 12:43:26...processing table surveyresponses
2024-08-08 12:43:26...creating table surveyresponses
2024-08-08 12:43:26...creating Relationship Meta for SurveyResponses
2024-08-08 12:43:26...processing table surveys
2024-08-08 12:43:26...creating table surveys
2024-08-08 12:43:26...creating Relationship Meta for Surveys
2024-08-08 12:43:26...processing table surveyquestionresponses
2024-08-08 12:43:26...creating table surveyquestionresponses
2024-08-08 12:43:26...creating Relationship Meta for SurveyQuestionResponses
2024-08-08 12:43:26...processing table surveyquestions
2024-08-08 12:43:26...creating table surveyquestions
2024-08-08 12:43:26...creating Relationship Meta for SurveyQuestions
2024-08-08 12:43:26...processing table surveyquestionoptions
2024-08-08 12:43:27...creating table surveyquestionoptions
2024-08-08 12:43:27...creating Relationship Meta for SurveyQuestionOptions
2024-08-08 12:43:27...Begin creating Defaults
2024-08-08 12:43:27...insert defaults into config table
2024-08-08 12:43:27...Creating default users
2024-08-08 12:43:27...Creating default scheduler jobs
2024-08-08 12:43:27...Enable SugarFeeds
2024-08-08 12:43:27...Installation has completed *********
2024-08-08 12:43:29...populating the db with seed data
2024-08-08 12:43:46...Save configuration settings..
2024-08-08 12:43:46...save locale
2024-08-08 12:43:46...new Administration
2024-08-08 12:43:46...retrieveSettings
2024-08-08 12:43:46...AdminWizard OFF
2024-08-08 12:43:46...saveConfig
2024-08-08 12:43:46...new Configurator
2024-08-08 12:43:46...populateFromPost
2024-08-08 12:43:46...handleOverride
2024-08-08 12:43:46...addCronAllowedUser
2024-08-08 12:43:46...saveConfig
2024-08-08 12:43:46...new Currency
2024-08-08 12:43:46...retrieve
2024-08-08 12:43:46...DBG: save currency
2024-08-08 12:43:46...Save user settings..
2024-08-08 12:43:46...DBG: SugarThemeRegistry::getDefault
2024-08-08 12:44:17...installerHook: Info: custom/install/install_hooks.php not present, no custom hooks to execute